bot start!
['2021년 3월 13일', '_ 누가복음 9:46-48', '46\xa0\xa0제자 중에서 누가 크냐 하는 변론이 일어나니47\xa0\xa0예수께서 그 마음에 변론하는 것을 아시고 어린 아이 하나를 데려다가 자기 곁에 세우시고48\xa0\xa0그들에게 이르시되 누구든지 내 이름으로 이런 어린 아이를 영접하면 곧 나를 영접함이요 또 누구든지 나를 영접하면 곧 나를 보내신 이를 영접함이라 너희 모든 사람 중에 가장 작은 그가 큰 자니라']
2021년 3월 13일

_ 누가복음 9:46-48

46  제자 중에서 누가 크냐 하는 변론이 일어나니47  예수께서 그 마음에 변론하는 것을 아시고 어린 아이 하나를 데려다가 자기 곁에 세우시고48  그들에게 이르시되 누구든지 내 이름으로 이런 어린 아이를 영접하면 곧 나를 영접함이요 또 누구든지 나를 영접하면 곧 나를 보내신 이를 영접함이라 너희 모든 사람 중에 가장 작은 그가 큰 자니라

['2021년 3월 14일', '_ 누가복음 9:49-50', '49\xa0\xa0요한이 여짜오되 주여 어떤 사람이 주의 이름으로 귀신을 내쫓는 것을 우리가 보고 우리와 함께 따르지 아니하므로 금하였나이다50\xa0\xa0예수께서 이르시되 금하지 말라 너희를 반대하지 않는 자는 너희를 위하는 자니라 하시니라']
2021년 3월 14일

_ 누가복음 9:49-50

49  요한이 여짜오되 주여 어떤 사람이 주의 이름으로 귀신을 내쫓는 것을 우리가 보고 우리와 함께 따르지 아니하므로 금하였나이다50  예수께서 이르시되 금하지 말라 너희를 반대하지 않는 자는 너희를 위하는 자니라 하시니라

['2021년 3월 15일', '_ 누가복음 9:51-56', '51\xa0\xa0\xa0예수께서 승천하실 기약이 차가매\xa0예루살렘을 향하여 올라가기로 굳게 결심하시고52\xa0\xa0\xa0사자들을 앞서 보내시매 그들이 가서 예수를 위하여 준비하려고\xa0사마리아인의 한 마을에 들어갔더니53\xa0\xa0\xa0예수께서\xa0예루살렘을 향하여 가시기 때문에 그들이 받아들이지 아니 하는지라54\xa0\xa0\xa0제자\xa0야고보와\xa0요한이 이를 보고 이르되 주여 우리가 불을 명하여 하늘로부터 내려 저들을 멸하라 하기를 원하시나이까55\xa0\xa0\xa0예수께서 돌아보시며 꾸짖으시고56\xa0\xa0\xa0함께 다른 마을로 가시니라']
2021년 3월 15일

_ 누가복음 9:51-56

51   예수께서 승천하실 기약이 차가매 예루살렘을 향하여 올라가기로 굳게 결심하시고52   사자들을 앞서 보내시매 그들이 가서 예수를 위하여 준비하려고 사마리아인의 한 마을에 들어갔더니53   예수께서 예루살렘을 향하여 가시기 때문에 그들이 받아들이지 아니 하는지라54   제자 야고보와 요한이 이를 보고 이르되 주여 우리가 불을 명하여 하늘로부터 내려 저들을 멸하라 하기를 원하시나이까55   예수께서 돌아보시며 꾸짖으시고56   함께 다른 마을로 가시니라

['2021년 3월 16일', '_ 누가복음 9:57-62', '57\xa0\xa0길 가실 때에 어떤 사람이 여짜오되 어디로 가시든지 나는 따르리이다58\xa0\xa0예수께서 이르시되 여우도 굴이 있고 공중의 새도 집이 있으되 인자는 머리 둘 곳이 없도다 하시고59\xa0\xa0또 다른 사람에게 나를 따르라 하시니 그가 이르되 나로 먼저 가서 내 아버지를 장사하게 허락하옵소서60\xa0\xa0이르시되 죽은 자들로 자기의 죽은 자들을 장사하게 하고 너는 가서 하나님의 나라를 전파하라 하시고61\xa0\xa0또 다른 사람이 이르되 주여 내가 주를 따르겠나이다마는 나로 먼저 내 가족을 작별하게 허락하소서62\xa0\xa0예수께서 이르시되 손에 쟁기를 잡고 뒤를 돌아보는 자는 하나님의 나라에 합당하지 아니하니라 하시니라']
2021년 3월 16일

_ 누가복음 9:57-62

57  길 가실 때에 어떤 사람이 여짜오되 어디로 가시든지 나는 따르리이다58  예수께서 이르시되 여우도 굴이 있고 공중의 새도 집이 있으되 인자는 머리 둘 곳이 없도다 하시고59  또 다른 사람에게 나를 따르라 하시니 그가 이르되 나로 먼저 가서 내 아버지를 장사하게 허락하옵소서60  이르시되 죽은 자들로 자기의 죽은 자들을 장사하게 하고 너는 가서 하나님의 나라를 전파하라 하시고61  또 다른 사람이 이르되 주여 내가 주를 따르겠나이다마는 나로 먼저 내 가족을 작별하게 허락하소서62  예수께서 이르시되 손에 쟁기를 잡고 뒤를 돌아보는 자는 하나님의 나라에 합당하지 아니하니라 하시니라

['2021년 3월 17일', '_ 누가복음 10:1-16', '1\xa0\xa0그 후에 주께서 따로 칠십 인을 세우사 친히 가시려는 각 동네와 각 지역으로 둘씩 앞서 보내시며2\xa0\xa0이르시되 추수할 것은 많되 일꾼이 적으니 그러므로 추수하는 주인에게 청하여 추수할 일꾼들을 보내 주소서 하라3\xa0\xa0갈지어다 내가 너희를 보냄이 어린 양을 이리 가운데로 보냄과 같도다4\xa0\xa0전대나 배낭이나 신발을 가지지 말며 길에서 아무에게도 문안하지 말며5\xa0\xa0어느 집에 들어가든지 먼저 말하되 이 집이 평안할지어다 하라6\xa0\xa0만일\xa0평안을 받을 사람이 거기 있으면 너희의 평안이 그에게 머물 것이요 그렇지 않으면 너희에게로 돌아오리라7\xa0\xa0그 집에 유하며 주는 것을 먹고 마시라 일꾼이 그 삯을 받는 것이 마땅하니라 이 집에서 저 집으로 옮기지 말라8\xa0\xa0어느 동네에 들어가든지 너희를 영접하거든 너희 앞에 차려놓는 것을 먹고9\xa0\xa0거기 있는 병자들을 고치고 또 말하기를 하나님의 나라가 너희에게 가까이 왔다 하라10\xa0\xa0어느 동네에 들어가든지 너희를 영접하지 아니하거든 그 거리로 나와서 말하되11\xa0\xa0너희 동네에서 우리 발에 묻은 먼지도 너희에게 떨어버리노라 그러나 하나님의 나라가 가까이 온 줄을 알라 하라12\xa0\xa0내가 너희에게 말하노니 그 날에\xa0소돔이 그 동네보다 견디기 쉬우리라13\xa0\xa0화 있을진저\xa0고라신아, 화 있을진저\xa0벳새다야, 너희에게 행한 모든 권능을\xa0두로와\xa0시돈에서 행하였더라면 그들이 벌써 베옷을 입고 재에 앉아 회개하였으리라14\xa0\xa0심판 때에\xa0두로와\xa0시돈이 너희보다 견디기 쉬우리라15\xa0\xa0가버나움아 네가 하늘에까지 높아지겠느냐 음부에까지 낮아지리라16\xa0\xa0너희 말을 듣는 자는 곧 내 말을 듣는 것이요 너희를 저버리는 자는 곧 나를 저버리는 것이요 나를 저버리는 자는 나 보내신 이를 저버리는 것이라 하시니라']
2021년 3월 17일

_ 누가복음 10:1-16

1  그 후에 주께서 따로 칠십 인을 세우사 친히 가시려는 각 동네와 각 지역으로 둘씩 앞서 보내시며2  이르시되 추수할 것은 많되 일꾼이 적으니 그러므로 추수하는 주인에게 청하여 추수할 일꾼들을 보내 주소서 하라3  갈지어다 내가 너희를 보냄이 어린 양을 이리 가운데로 보냄과 같도다4  전대나 배낭이나 신발을 가지지 말며 길에서 아무에게도 문안하지 말며5  어느 집에 들어가든지 먼저 말하되 이 집이 평안할지어다 하라6  만일 평안을 받을 사람이 거기 있으면 너희의 평안이 그에게 머물 것이요 그렇지 않으면 너희에게로 돌아오리라7  그 집에 유하며 주는 것을 먹고 마시라 일꾼이 그 삯을 받는 것이 마땅하니라 이 집에서 저 집으로 옮기지 말라8  어느 동네에 들어가든지 너희를 영접하거든 너희 앞에 차려놓는 것을 먹고9  거기 있는 병자들을 고치고 또 말하기를 하나님의 나라가 너희에게 가까이 왔다 하라10  어느 동네에 들어가든지 너희를 영접하지 아니하거든 그 거리로 나와서 말하되11  너희 동네에서 우리 발에 묻은 먼지도 너희에게 떨어버리노라 그러나 하나님의 나라가 가까이 온 줄을 알라 하라12  내가 너희에게 말하노니 그 날에 소돔이 그 동네보다 견디기 쉬우리라13  화 있을진저 고라신아, 화 있을진저 벳새다야, 너희에게 행한 모든 권능을 두로와 시돈에서 행하였더라면 그들이 벌써 베옷을 입고 재에 앉아 회개하였으리라14  심판 때에 두로와 시돈이 너희보다 견디기 쉬우리라15  가버나움아 네가 하늘에까지 높아지겠느냐 음부에까지 낮아지리라16  너희 말을 듣는 자는 곧 내 말을 듣는 것이요 너희를 저버리는 자는 곧 나를 저버리는 것이요 나를 저버리는 자는 나 보내신 이를 저버리는 것이라 하시니라

['2021년 3월 18일', '_ 누가복음 10:17-20', '17\xa0\xa0칠십 인이 기뻐하며 돌아와 이르되 주여 주의 이름이면 귀신들도 우리에게 항복하더이다18\xa0\xa0예수께서 이르시되\xa0사탄이 하늘로부터 번개 같이 떨어지는 것을 내가 보았노라19\xa0\xa0내가 너희에게 뱀과 전갈을 밟으며 원수의 모든 능력을 제어할 권능을 주었으니 너희를 해칠 자가 결코 없으리라20\xa0\xa0그러나 귀신들이 너희에게 항복하는 것으로 기뻐하지 말고 너희 이름이 하늘에 기록된 것으로 기뻐하라 하시니라']
2021년 3월 18일

_ 누가복음 10:17-20

17  칠십 인이 기뻐하며 돌아와 이르되 주여 주의 이름이면 귀신들도 우리에게 항복하더이다18  예수께서 이르시되 사탄이 하늘로부터 번개 같이 떨어지는 것을 내가 보았노라19  내가 너희에게 뱀과 전갈을 밟으며 원수의 모든 능력을 제어할 권능을 주었으니 너희를 해칠 자가 결코 없으리라20  그러나 귀신들이 너희에게 항복하는 것으로 기뻐하지 말고 너희 이름이 하늘에 기록된 것으로 기뻐하라 하시니라

['2021년 3월 19일', '_ 누가복음 10:21-24', '21\xa0\xa0그 때에 예수께서 성령으로 기뻐하시며 이르시되 천지의 주재이신 아버지여 이것을 지혜롭고 슬기 있는 자들에게는 숨기시고 어린 아이들에게는 나타내심을 감사하나이다 옳소이다 이렇게 된 것이 아버지의 뜻이니이다22\xa0\xa0내 아버지께서 모든 것을 내게 주셨으니 아버지 외에는 아들이 누구인지 아는 자가 없고 아들과 또 아들의 소원대로 계시를 받는 자 외에는 아버지가 누구인지 아는 자가 없나이다 하시고23\xa0\xa0제자들을 돌아 보시며 조용히 이르시되 너희가 보는 것을 보는 눈은 복이 있도다24\xa0\xa0내가 너희에게 말하노니 많은 선지자와 임금이 너희가 보는 바를 보고자 하였으되 보지 못하였으며 너희가 듣는 바를 듣고자 하였으되 듣지 못하였느니라']
2021년 3월 19일

_ 누가복음 10:21-24

21  그 때에 예수께서 성령으로 기뻐하시며 이르시되 천지의 주재이신 아버지여 이것을 지혜롭고 슬기 있는 자들에게는 숨기시고 어린 아이들에게는 나타내심을 감사하나이다 옳소이다 이렇게 된 것이 아버지의 뜻이니이다22  내 아버지께서 모든 것을 내게 주셨으니 아버지 외에는 아들이 누구인지 아는 자가 없고 아들과 또 아들의 소원대로 계시를 받는 자 외에는 아버지가 누구인지 아는 자가 없나이다 하시고23  제자들을 돌아 보시며 조용히 이르시되 너희가 보는 것을 보는 눈은 복이 있도다24  내가 너희에게 말하노니 많은 선지자와 임금이 너희가 보는 바를 보고자 하였으되 보지 못하였으며 너희가 듣는 바를 듣고자 하였으되 듣지 못하였느니라

['2021년 3월 20일', '_ 누가복음 10:25-37', '25\xa0\xa0어떤 율법교사가 일어나 예수를 시험하여 이르되 선생님 내가 무엇을 하여야 영생을 얻으리이까26\xa0\xa0예수께서 이르시되 율법에 무엇이라 기록되었으며 네가 어떻게 읽느냐27\xa0\xa0대답하여 이르되\xa0네 마음을 다하며 목숨을 다하며 힘을 다하며 뜻을 다하여 주 너의 하나님을 사랑하고 또한\xa0네 이웃을 네 자신 같이 사랑하라 하였나이다28\xa0\xa0예수께서 이르시되 네 대답이 옳도다 이를 행하라 그러면 살리라 하시니29\xa0\xa0그 사람이 자기를 옳게 보이려고 예수께 여짜오되 그러면 내 이웃이 누구니이까30\xa0\xa0예수께서 대답하여 이르시되 어떤 사람이\xa0예루살렘에서\xa0여리고로 내려가다가 강도를 만나매 강도들이 그 옷을 벗기고 때려 거의 죽은 것을 버리고 갔더라31\xa0\xa0마침 한 제사장이 그 길로 내려가다가 그를 보고 피하여 지나가고32\xa0\xa0또 이와 같이 한\xa0레위인도 그 곳에 이르러 그를 보고 피하여 지나가되33\xa0\xa0어떤\xa0사마리아\xa0사람은 여행하는 중 거기 이르러 그를 보고 불쌍히 여겨34\xa0\xa0가까이 가서 기름과 포도주를 그 상처에 붓고 싸매고 자기 짐승에 태워 주막으로 데리고 가서 돌보아 주니라35\xa0\xa0그 이튿날 그가 주막 주인에게\xa0데나리온\xa0둘을 내어 주며 이르되 이 사람을 돌보아 주라 비용이 더 들면 내가 돌아올 때에 갚으리라 하였으니36\xa0\xa0네 생각에는 이 세 사람 중에 누가 강도 만난 자의 이웃이 되겠느냐37\xa0\xa0이르되 자비를 베푼 자니이다 예수께서 이르시되 가서 너도 이와 같이 하라 하시니라']
2021년 3월 20일

_ 누가복음 10:25-37

25  어떤 율법교사가 일어나 예수를 시험하여 이르되 선생님 내가 무엇을 하여야 영생을 얻으리이까26  예수께서 이르시되 율법에 무엇이라 기록되었으며 네가 어떻게 읽느냐27  대답하여 이르되 네 마음을 다하며 목숨을 다하며 힘을 다하며 뜻을 다하여 주 너의 하나님을 사랑하고 또한 네 이웃을 네 자신 같이 사랑하라 하였나이다28  예수께서 이르시되 네 대답이 옳도다 이를 행하라 그러면 살리라 하시니29  그 사람이 자기를 옳게 보이려고 예수께 여짜오되 그러면 내 이웃이 누구니이까30  예수께서 대답하여 이르시되 어떤 사람이 예루살렘에서 여리고로 내려가다가 강도를 만나매 강도들이 그 옷을 벗기고 때려 거의 죽은 것을 버리고 갔더라31  마침 한 제사장이 그 길로 내려가다가 그를 보고 피하여 지나가고32  또 이와 같이 한 레위인도 그 곳에 이르러 그를 보고 피하여 지나가되33  어떤 사마리아 사람은 여행하는 중 거기 이르러 그를 보고 불쌍히 여겨34  가까이 가서 기름과 포도주를 그 상처에 붓고 싸매고 자기 짐승에 태워 주막으로 데리고 가서 돌보아 주니라35  그 이튿날 그가 주막 주인에게 데나리온 둘을 내어 주며 이르되 이 사람을 돌보아 주라 비용이 더 들면 내가 돌아올 때에 갚으리라 하였으니36  네 생각에는 이 세 사람 중에 누가 강도 만난 자의 이웃이 되겠느냐37  이르되 자비를 베푼 자니이다 예수께서 이르시되 가서 너도 이와 같이 하라 하시니라

['2021년 3월 21일', '_ 누가복음 10:38-42', '38\xa0\xa0그들이 길 갈 때에 예수께서 한 마을에 들어가시매\xa0마르다라 이름하는 한 여자가 자기 집으로 영접하더라39\xa0\xa0그에게\xa0마리아라 하는 동생이 있어 주의 발치에 앉아 그의 말씀을 듣더니40\xa0\xa0마르다는\xa0준비하는 일이 많아 마음이 분주한지라 예수께 나아가 이르되 주여 내 동생이 나 혼자 일하게 두는 것을 생각하지 아니하시나이까 그를 명하사 나를 도와 주라 하소서41\xa0\xa0주께서 대답하여 이르시되\xa0마르다야\xa0마르다야 네가 많은 일로 염려하고 근심하나42\xa0\xa0몇 가지만 하든지 혹은 한 가지만이라도 족하니라\xa0마리아는 이 좋은 편을 택하였으니 빼앗기지 아니하리라 하시니라']
2021년 3월 21일

_ 누가복음 10:38-42

38  그들이 길 갈 때에 예수께서 한 마을에 들어가시매 마르다라 이름하는 한 여자가 자기 집으로 영접하더라39  그에게 마리아라 하는 동생이 있어 주의 발치에 앉아 그의 말씀을 듣더니40  마르다는 준비하는 일이 많아 마음이 분주한지라 예수께 나아가 이르되 주여 내 동생이 나 혼자 일하게 두는 것을 생각하지 아니하시나이까 그를 명하사 나를 도와 주라 하소서41  주께서 대답하여 이르시되 마르다야 마르다야 네가 많은 일로 염려하고 근심하나42  몇 가지만 하든지 혹은 한 가지만이라도 족하니라 마리아는 이 좋은 편을 택하였으니 빼앗기지 아니하리라 하시니라

['2021년 3월 22일', '_ 누가복음 11:1-13', '1\xa0\xa0예수께서 한 곳에서 기도하시고 마치시매 제자 중 하나가 여짜오되 주여\xa0요한이 자기 제자들에게 기도를 가르친 것과 같이 우리에게도 가르쳐 주옵소서2\xa0\xa0예수께서 이르시되 너희는 기도할 때에 이렇게 하라 아버지여 이름이 거룩히 여김을 받으시오며 나라가 임하시오며3\xa0\xa0우리에게 날마다 일용할 양식을 주시옵고4\xa0\xa0우리가 우리에게\xa0죄 지은 모든 사람을 용서하오니 우리 죄도 사하여 주시옵고 우리를 시험에 들게 하지 마시옵소서 하라5\xa0\xa0또 이르시되 너희 중에 누가 벗이 있는데 밤중에 그에게 가서 말하기를 벗이여 떡 세 덩이를 내게 꾸어 달라6\xa0\xa0내 벗이 여행중에 내게 왔으나 내가 먹일 것이 없노라 하면7\xa0\xa0그가 안에서 대답하여 이르되 나를 괴롭게 하지 말라 문이 이미 닫혔고 아이들이 나와 함께 침실에 누웠으니 일어나 네게 줄 수가 없노라 하겠느냐8\xa0\xa0내가 너희에게 말하노니 비록 벗 됨으로 인하여서는 일어나서 주지 아니할지라도 그 간청함을 인하여 일어나 그 요구대로 주리라9\xa0\xa0내가 또 너희에게 이르노니 구하라 그러면 너희에게 주실 것이요 찾으라 그러면 찾아낼 것이요 문을 두드리라 그러면 너희에게 열릴 것이니10\xa0\xa0구하는 이마다 받을 것이요 찾는 이는 찾아낼 것이요 두드리는 이에게는 열릴 것이니라11\xa0\xa0너희 중에 아버지 된 자로서 누가 아들이\xa02)생선을 달라 하는데 생선 대신에 뱀을 주며12\xa0\xa0알을 달라 하는데 전갈을 주겠느냐13\xa0\xa0너희가 악할지라도 좋은 것을 자식에게 줄 줄 알거든 하물며 너희 하늘 아버지께서 구하는 자에게 성령을 주시지 않겠느냐 하시니라']
2021년 3월 22일

_ 누가복음 11:1-13

1  예수께서 한 곳에서 기도하시고 마치시매 제자 중 하나가 여짜오되 주여 요한이 자기 제자들에게 기도를 가르친 것과 같이 우리에게도 가르쳐 주옵소서2  예수께서 이르시되 너희는 기도할 때에 이렇게 하라 아버지여 이름이 거룩히 여김을 받으시오며 나라가 임하시오며3  우리에게 날마다 일용할 양식을 주시옵고4  우리가 우리에게 죄 지은 모든 사람을 용서하오니 우리 죄도 사하여 주시옵고 우리를 시험에 들게 하지 마시옵소서 하라5  또 이르시되 너희 중에 누가 벗이 있는데 밤중에 그에게 가서 말하기를 벗이여 떡 세 덩이를 내게 꾸어 달라6  내 벗이 여행중에 내게 왔으나 내가 먹일 것이 없노라 하면7  그가 안에서 대답하여 이르되 나를 괴롭게 하지 말라 문이 이미 닫혔고 아이들이 나와 함께 침실에 누웠으니 일어나 네게 줄 수가 없노라 하겠느냐8  내가 너희에게 말하노니 비록 벗 됨으로 인하여서는 일어나서 주지 아니할지라도 그 간청함을 인하여 일어나 그 요구대로 주리라9  내가 또 너희에게 이르노니 구하라 그러면 너희에게 주실 것이요 찾으라 그러면 찾아낼 것이요 문을 두드리라 그러면 너희에게 열릴 것이니10  구하는 이마다 받을 것이요 찾는 이는 찾아낼 것이요 두드리는 이에게는 열릴 것이니라11  너희 중에 아버지 된 자로서 누가 아들이 2)생선을 달라 하는데 생선 대신에 뱀을 주며12  알을 달라 하는데 전갈을 주겠느냐13  너희가 악할지라도 좋은 것을 자식에게 줄 줄 알거든 하물며 너희 하늘 아버지께서 구하는 자에게 성령을 주시지 않겠느냐 하시니라

['2021년 3월 23일', '_ 누가복음 11:14-26', '14\xa0\xa0예수께서 한 말 못하게 하는 귀신을 쫓아내시니 귀신이 나가매 말 못하는 사람이 말하는지라 무리들이 놀랍게 여겼으나15\xa0\xa0그 중에 더러는 말하기를 그가 귀신의 왕\xa0바알세불을 힘입어 귀신을 쫓아낸다 하고16\xa0\xa0또 더러는 예수를 시험하여 하늘로부터 오는\xa0표적을 구하니17\xa0\xa0예수께서 그들의 생각을 아시고 이르시되 스스로 분쟁하는 나라마다 황폐하여지며 스스로 분쟁하는 집은 무너지느니라18\xa0\xa0너희 말이 내가\xa0바알세불을 힘입어 귀신을 쫓아낸다 하니 만일\xa0사탄이 스스로 분쟁하면 그의 나라가 어떻게 서겠느냐19\xa0\xa0내가\xa0바알세불을 힘입어 귀신을 쫓아내면 너희 아들들은 누구를 힘입어 쫓아내느냐 그러므로 그들이 너희 재판관이 되리라20\xa0\xa0그러나 내가 만일 하나님의\xa0손을 힘입어 귀신을 쫓아낸다면 하나님의 나라가 이미 너희에게 임하였느니라21\xa0\xa0강한 자가 무장을 하고 자기 집을 지킬 때에는 그 소유가 안전하되22\xa0\xa0더 강한 자가 와서 그를 굴복시킬 때에는 그가 믿던 무장을 빼앗고 그의\xa0재물을 나누느니라23\xa0\xa0나와 함께 하지 아니하는 자는 나를 반대하는 자요 나와 함께 모으지 아니하는 자는 헤치는 자니라24\xa0\xa0더러운 귀신이 사람에게서 나갔을 때에 물 없는 곳으로 다니며 쉬기를 구하되 얻지 못하고 이에 이르되 내가 나온 내 집으로 돌아가리라 하고25\xa0\xa0가서 보니 그 집이 청소되고 수리되었거늘26\xa0\xa0이에 가서 저보다 더 악한 귀신 일곱을 데리고 들어가서 거하니 그 사람의 나중 형편이 전보다 더 심하게 되느니라']
2021년 3월 23일

_ 누가복음 11:14-26

14  예수께서 한 말 못하게 하는 귀신을 쫓아내시니 귀신이 나가매 말 못하는 사람이 말하는지라 무리들이 놀랍게 여겼으나15  그 중에 더러는 말하기를 그가 귀신의 왕 바알세불을 힘입어 귀신을 쫓아낸다 하고16  또 더러는 예수를 시험하여 하늘로부터 오는 표적을 구하니17  예수께서 그들의 생각을 아시고 이르시되 스스로 분쟁하는 나라마다 황폐하여지며 스스로 분쟁하는 집은 무너지느니라18  너희 말이 내가 바알세불을 힘입어 귀신을 쫓아낸다 하니 만일 사탄이 스스로 분쟁하면 그의 나라가 어떻게 서겠느냐19  내가 바알세불을 힘입어 귀신을 쫓아내면 너희 아들들은 누구를 힘입어 쫓아내느냐 그러므로 그들이 너희 재판관이 되리라20  그러나 내가 만일 하나님의 손을 힘입어 귀신을 쫓아낸다면 하나님의 나라가 이미 너희에게 임하였느니라21  강한 자가 무장을 하고 자기 집을 지킬 때에는 그 소유가 안전하되22  더 강한 자가 와서 그를 굴복시킬 때에는 그가 믿던 무장을 빼앗고 그의 재물을 나누느니라23  나와 함께 하지 아니하는 자는 나를 반대하는 자요 나와 함께 모으지 아니하는 자는 헤치는 자니라24  더러운 귀신이 사람에게서 나갔을 때에 물 없는 곳으로 다니며 쉬기를 구하되 얻지 못하고 이에 이르되 내가 나온 내 집으로 돌아가리라 하고25  가서 보니 그 집이 청소되고 수리되었거늘26  이에 가서 저보다 더 악한 귀신 일곱을 데리고 들어가서 거하니 그 사람의 나중 형편이 전보다 더 심하게 되느니라

['2021년 3월 24일', '_ 누가복음 11:27-28', '27\xa0\xa0이 말씀을 하실 때에 무리 중에서 한 여자가 음성을 높여 이르되 당신을 밴 태와 당신을 먹인 젖이 복이 있나이다 하니28\xa0\xa0예수께서 이르시되 오히려 하나님의 말씀을 듣고 지키는 자가 복이 있느니라 하시니라']
2021년 3월 24일

_ 누가복음 11:27-28

27  이 말씀을 하실 때에 무리 중에서 한 여자가 음성을 높여 이르되 당신을 밴 태와 당신을 먹인 젖이 복이 있나이다 하니28  예수께서 이르시되 오히려 하나님의 말씀을 듣고 지키는 자가 복이 있느니라 하시니라
bot start!
['2021년 3월 25일', '_ 누가복음 11:29-32', '29\xa0\xa0무리가 모였을 때에 예수께서 말씀하시되 이 세대는 악한 세대라\xa0표적을 구하되\xa0요나의\xa0표적 밖에는 보일\xa0표적이 없나니30\xa0\xa0요나가\xa0니느웨\xa0사람들에게\xa0표적이 됨과 같이 인자도 이 세대에 그러하리라31\xa0\xa0심판 때에 남방 여왕이 일어나 이 세대 사람을 정죄하리니 이는 그가\xa0솔로몬의 지혜로운 말을 들으려고 땅 끝에서 왔음이거니와\xa0솔로몬보다 더 큰 이가 여기 있으며32\xa0\xa0심판 때에\xa0니느웨\xa0사람들이 일어나 이 세대 사람을 정죄하리니 이는 그들이\xa0요나의 전도를 듣고 회개하였음이거니와\xa0요나보다 더 큰 이가 여기 있느니라']
2021년 3월 25일

_ 누가복음 11:29-32

29  무리가 모였을 때에 예수께서 말씀하시되 이 세대는 악한 세대라 표적을 구하되 요나의 표적 밖에는 보일 표적이 없나니30  요나가 니느웨 사람들에게 표적이 됨과 같이 인자도 이 세대에 그러하리라31  심판 때에 남방 여왕이 일어나 이 세대 사람을 정죄하리니 이는 그가 솔로몬의 지혜로운 말을 들으려고 땅 끝에서 왔음이거니와 솔로몬보다 더 큰 이가 여기 있으며32  심판 때에 니느웨 사람들이 일어나 이 세대 사람을 정죄하리니 이는 그들이 요나의 전도를 듣고 회개하였음이거니와 요나보다 더 큰 이가 여기 있느니라

['2021년 3월 26일', '_ 누가복음 11:33-36', '33\xa0\xa0누구든지 등불을 켜서 움 속에나 말 아래에 두지 아니하고 등경 위에 두나니 이는 들어가는 자로 그 빛을 보게 하려 함이라34\xa0\xa0네 몸의 등불은 눈이라 네 눈이\xa0성하면 온 몸이 밝을 것이요 만일 나쁘면 네 몸도 어두우리라35\xa0\xa0그러므로 네 속에 있는 빛이 어둡지 아니한가 보라36\xa0\xa0네 온 몸이 밝아 조금도 어두운 데가 없으면 등불의 빛이 너를 비출 때와 같이 온전히 밝으리라 하시니라']
2021년 3월 26일

_ 누가복음 11:33-36

33  누구든지 등불을 켜서 움 속에나 말 아래에 두지 아니하고 등경 위에 두나니 이는 들어가는 자로 그 빛을 보게 하려 함이라34  네 몸의 등불은 눈이라 네 눈이 성하면 온 몸이 밝을 것이요 만일 나쁘면 네 몸도 어두우리라35  그러므로 네 속에 있는 빛이 어둡지 아니한가 보라36  네 온 몸이 밝아 조금도 어두운 데가 없으면 등불의 빛이 너를 비출 때와 같이 온전히 밝으리라 하시니라

['2021년 3월 27일', '_ 누가복음 11:37-44', '37\xa0\xa0예수께서 말씀하실 때에 한\xa0바리새인이 자기와 함께 점심 잡수시기를 청하므로 들어가\xa0앉으셨더니38\xa0\xa0잡수시기 전에 손 씻지 아니하심을 그\xa0바리새인이 보고 이상히 여기는지라39\xa0\xa0주께서 이르시되 너희\xa0바리새인은 지금 잔과 대접의 겉은 깨끗이 하나 너희 속에는 탐욕과 악독이 가득하도다40\xa0\xa0어리석은 자들아 겉을 만드신 이가 속도 만들지 아니하셨느냐41\xa0\xa0그러나 그 안에 있는 것으로 구제하라 그리하면 모든 것이 너희에게 깨끗하리라42\xa0\xa0화 있을진저 너희\xa0바리새인이여 너희가 박하와 운향과 모든 채소의 십일조는 드리되 공의와 하나님께 대한 사랑은 버리는도다 그러나 이것도 행하고 저것도 버리지 말아야 할지니라43\xa0\xa0화 있을진저 너희\xa0바리새인이여 너희가 회당의 높은 자리와 시장에서 문안 받는 것을 기뻐하는도다44\xa0\xa0화 있을진저 너희여 너희는\xa08)평토장한 무덤 같아서 그 위를 밟는 사람이 알지 못하느니라']
2021년 3월 27일

_ 누가복음 11:37-44

37  예수께서 말씀하실 때에 한 바리새인이 자기와 함께 점심 잡수시기를 청하므로 들어가 앉으셨더니38  잡수시기 전에 손 씻지 아니하심을 그 바리새인이 보고 이상히 여기는지라39  주께서 이르시되 너희 바리새인은 지금 잔과 대접의 겉은 깨끗이 하나 너희 속에는 탐욕과 악독이 가득하도다40  어리석은 자들아 겉을 만드신 이가 속도 만들지 아니하셨느냐41  그러나 그 안에 있는 것으로 구제하라 그리하면 모든 것이 너희에게 깨끗하리라42  화 있을진저 너희 바리새인이여 너희가 박하와 운향과 모든 채소의 십일조는 드리되 공의와 하나님께 대한 사랑은 버리는도다 그러나 이것도 행하고 저것도 버리지 말아야 할지니라43  화 있을진저 너희 바리새인이여 너희가 회당의 높은 자리와 시장에서 문안 받는 것을 기뻐하는도다44  화 있을진저 너희여 너희는 8)평토장한 무덤 같아서 그 위를 밟는 사람이 알지 못하느니라

['2021년 3월 28일', '_ 누가복음 11:45-54', '45\xa0\xa0한 율법교사가 예수께 대답하여 이르되 선생님 이렇게 말씀하시니 우리까지 모욕하심이니이다46\xa0\xa0이르시되 화 있을진저 또 너희 율법교사여 지기 어려운 짐을 사람에게 지우고 너희는 한 손가락도 이 짐을 대지 않는도다47\xa0\xa0화 있을진저 너희는 선지자들의 무덤을 만드는도다 그들을 죽인 자도 너희 조상들이로다48\xa0\xa0이와 같이 그들은 죽이고 너희는 무덤을 만드니 너희가 너희 조상의 행한 일에 증인이 되어 옳게 여기는도다49\xa0\xa0그러므로 하나님의 지혜가 일렀으되 내가 선지자와 사도들을 그들에게 보내리니 그 중에서 더러는 죽이며 또 박해하리라 하였느니라50\xa0\xa0창세 이후로 흘린 모든 선지자의 피를 이 세대가 담당하되51\xa0\xa0곧\xa0아벨의 피로부터 제단과 성전 사이에서 죽임을 당한\xa0사가랴의 피까지 하리라 내가 너희에게 이르노니 과연 이 세대가 담당하리라52\xa0\xa0화 있을진저 너희 율법교사여 너희가 지식의 열쇠를 가져가서 너희도 들어가지 않고 또 들어가고자 하는 자도 막았느니라 하시니라53\xa0\xa0거기서 나오실 때에 서기관과\xa0바리새인들이 거세게 달려들어 여러 가지 일을 따져 묻고54\xa0\xa0그 입에서 나오는 말을 책잡고자 하여 노리고 있더라']
2021년 3월 28일

_ 누가복음 11:45-54

45  한 율법교사가 예수께 대답하여 이르되 선생님 이렇게 말씀하시니 우리까지 모욕하심이니이다46  이르시되 화 있을진저 또 너희 율법교사여 지기 어려운 짐을 사람에게 지우고 너희는 한 손가락도 이 짐을 대지 않는도다47  화 있을진저 너희는 선지자들의 무덤을 만드는도다 그들을 죽인 자도 너희 조상들이로다48  이와 같이 그들은 죽이고 너희는 무덤을 만드니 너희가 너희 조상의 행한 일에 증인이 되어 옳게 여기는도다49  그러므로 하나님의 지혜가 일렀으되 내가 선지자와 사도들을 그들에게 보내리니 그 중에서 더러는 죽이며 또 박해하리라 하였느니라50  창세 이후로 흘린 모든 선지자의 피를 이 세대가 담당하되51  곧 아벨의 피로부터 제단과 성전 사이에서 죽임을 당한 사가랴의 피까지 하리라 내가 너희에게 이르노니 과연 이 세대가 담당하리라52  화 있을진저 너희 율법교사여 너희가 지식의 열쇠를 가져가서 너희도 들어가지 않고 또 들어가고자 하는 자도 막았느니라 하시니라53  거기서 나오실 때에 서기관과 바리새인들이 거세게 달려들어 여러 가지 일을 따져 묻고54  그 입에서 나오는 말을 책잡고자 하여 노리고 있더라

['2021년 3월 29일', '_ 누가복음 12:1-12', '1\xa0\xa0그 동안에 무리 수만 명이 모여 서로 밟힐 만큼 되었더니 예수께서 먼저 제자들에게 말씀하여 이르시되\xa0바리새인들의 누룩 곧 외식을 주의하라2\xa0\xa0감추인 것이 드러나지 않을 것이 없고 숨긴 것이 알려지지 않을 것이 없나니3\xa0\xa0이러므로 너희가 어두운 데서 말한 모든 것이 광명한 데서 들리고 너희가 골방에서 귀에 대고 말한 것이 지붕 위에서 전파되리라4\xa0\xa0내가 내 친구 너희에게 말하노니 몸을 죽이고 그 후에는 능히 더 못하는 자들을 두려워하지 말라5\xa0\xa0마땅히 두려워할 자를 내가 너희에게 보이리니 곧 죽인 후에 또한 지옥에 던져 넣는 권세 있는 그를 두려워하라 내가 참으로 너희에게 이르노니 그를 두려워하라6\xa0\xa0참새 다섯 마리가 두\xa0앗사리온에 팔리는 것이 아니냐 그러나 하나님 앞에는 그 하나도 잊어버리시는 바 되지 아니하는도다7\xa0\xa0너희에게는 심지어 머리털까지도 다 세신 바 되었나니 두려워하지 말라 너희는 많은 참새보다 더 귀하니라8\xa0\xa0내가 또한 너희에게 말하노니 누구든지 사람 앞에서 나를 시인하면 인자도 하나님의 사자들 앞에서 그를 시인할 것이요9\xa0\xa0사람 앞에서 나를 부인하는 자는 하나님의 사자들 앞에서 부인을 당하리라10\xa0\xa0누구든지 말로 인자를 거역하면 사하심을 받으려니와 성령을 모독하는 자는 사하심을 받지 못하리라11\xa0\xa0사람이 너희를 회당이나 위정자나 권세 있는 자 앞에 끌고 가거든 어떻게 무엇으로 대답하며 무엇으로 말할까 염려하지 말라12\xa0\xa0마땅히 할 말을 성령이 곧 그 때에 너희에게 가르치시리라 하시니라']